
2022-07-12 10:34:22  [ appclient-registration-retry-thread:61703 ] - [ ERROR ]  Application has been killed. Reason: All masters are unresponsive! Giving up.
2022-07-12 10:34:22  [ main:61938 ] - [ ERROR ]  Error initializing SparkContext.
java.lang.IllegalArgumentException: requirement failed: Can only call getServletHandlers on a running MetricsSystem
	at scala.Predef$.require(Predef.scala:224)
	at org.apache.spark.metrics.MetricsSystem.getServletHandlers(MetricsSystem.scala:91)
	at org.apache.spark.SparkContext.<init>(SparkContext.scala:524)
	at com.lylg.spark.ReadHBase$.<init>(ReadHBase.scala:17)
	at com.lylg.spark.ReadHBase$.<clinit>(ReadHBase.scala)
	at com.lylg.spark.ReadHBase.main(ReadHBase.scala)
	at sun.reflect.NativeMethodAccessorImpl.invoke0(Native Method)
	at sun.reflect.NativeMethodAccessorImpl.invoke(NativeMethodAccessorImpl.java:62)
	at sun.reflect.DelegatingMethodAccessorImpl.invoke(DelegatingMethodAccessorImpl.java:43)
	at java.lang.reflect.Method.invoke(Method.java:498)
	at org.apache.spark.deploy.SparkSubmit$.org$apache$spark$deploy$SparkSubmit$$runMain(SparkSubmit.scala:755)
	at org.apache.spark.deploy.SparkSubmit$.doRunMain$1(SparkSubmit.scala:180)
	at org.apache.spark.deploy.SparkSubmit$.submit(SparkSubmit.scala:205)
	at org.apache.spark.deploy.SparkSubmit$.main(SparkSubmit.scala:119)
	at org.apache.spark.deploy.SparkSubmit.main(SparkSubmit.scala)
2022-07-12 10:55:24  [ Thread-2:51751 ] - [ ERROR ]  SparkListenerBus has already stopped! Dropping event SparkListenerStageCompleted(org.apache.spark.scheduler.StageInfo@4625cd79)
2022-07-12 10:55:24  [ Thread-2:51756 ] - [ ERROR ]  SparkListenerBus has already stopped! Dropping event SparkListenerJobEnd(0,1657594524939,JobFailed(org.apache.spark.SparkException: Job 0 cancelled because SparkContext was shut down))
2022-07-12 10:57:06  [ Thread-2:92118 ] - [ ERROR ]  SparkListenerBus has already stopped! Dropping event SparkListenerStageCompleted(org.apache.spark.scheduler.StageInfo@4bc9dace)
2022-07-12 10:57:06  [ Thread-2:92121 ] - [ ERROR ]  SparkListenerBus has already stopped! Dropping event SparkListenerJobEnd(0,1657594626519,JobFailed(org.apache.spark.SparkException: Job 0 cancelled because SparkContext was shut down))
2022-07-12 10:58:37  [ Thread-2:57984 ] - [ ERROR ]  SparkListenerBus has already stopped! Dropping event SparkListenerStageCompleted(org.apache.spark.scheduler.StageInfo@5e8ae357)
2022-07-12 10:58:37  [ Thread-2:57985 ] - [ ERROR ]  SparkListenerBus has already stopped! Dropping event SparkListenerJobEnd(0,1657594717816,JobFailed(org.apache.spark.SparkException: Job 0 cancelled because SparkContext was shut down))
2022-07-12 11:12:49  [ SIGTERM handler:10943 ] - [ ERROR ]  RECEIVED SIGNAL TERM
2022-07-12 11:14:11  [ SIGTERM handler:11095 ] - [ ERROR ]  RECEIVED SIGNAL TERM
2022-07-12 11:49:14  [ Thread-2:12527 ] - [ ERROR ]  SparkListenerBus has already stopped! Dropping event SparkListenerStageCompleted(org.apache.spark.scheduler.StageInfo@43f620ec)
2022-07-12 11:49:14  [ Thread-2:12532 ] - [ ERROR ]  SparkListenerBus has already stopped! Dropping event SparkListenerJobEnd(0,1657597754978,JobFailed(org.apache.spark.SparkException: Job 0 cancelled because SparkContext was shut down))
